<?xml version="1.0" encoding="utf-8"?><testsuites><testsuite name="pytest" errors="0" failures="1" skipped="0" tests="17" time="0.190" timestamp="2022-12-28T02:30:00.877264" hostname="ip-192-168-1-8.ec2.internal"><testcase classname="test.test_accum" name="test_accumulator_init" time="0.002" /><testcase classname="test.test_accum" name="test_accumulator_add_one" time="0.001" /><testcase classname="test.test_accum" name="test_accumulator_add_three" time="0.001" /><testcase classname="test.test_accum" name="test_accumulator_add_twice" time="0.001" /><testcase classname="test.test_accum" name="test_accumulator_cannot_set_count_directly" time="0.001" /><testcase classname="test.test_math" name="test_one_plus_one" time="0.001" /><testcase classname="test.test_math" name="test_one_plus_two" time="0.001"><failure message="assert (1 + 2) == 0">def test_one_plus_two():
        a = 1
        b = 2
        c = 0
&gt;       assert a + b == c
E       assert (1 + 2) == 0

test/test_math.py:19: AssertionError</failure></testcase><testcase classname="test.test_math" name="test_divide_by_zero" time="0.002" /><testcase classname="test.test_math" name="test_multiply_two_positive_ints" time="0.001" /><testcase classname="test.test_math" name="test_multiply_identity" time="0.002" /><testcase classname="test.test_math" name="test_multiply_zero" time="0.001" /><testcase classname="test.test_math" name="test_multiplication[2-3-6]" time="0.001" /><testcase classname="test.test_math" name="test_multiplication[1-99-99]" time="0.001" /><testcase classname="test.test_math" name="test_multiplication[0-99-0]" time="0.001" /><testcase classname="test.test_math" name="test_multiplication[3--4--12]" time="0.001" /><testcase classname="test.test_math" name="test_multiplication[-5--5-25]" time="0.001" /><testcase classname="test.test_math" name="test_multiplication[2.5-6.7-16.75]" time="0.001" /></testsuite></testsuites>